::1 - - [07/Aug/2022:11:40:31 +0000] "POST /users/new HTTP/1.1" 200 25 "-" "PostmanRuntime/7.29.2"
::1 - - [07/Aug/2022:11:41:09 +0000] "POST /tickets/new HTTP/1.1" 201 33 "-" "PostmanRuntime/7.29.2"
::1 - - [07/Aug/2022:12:02:33 +0000] "GET /tickets/all HTTP/1.1" 200 1617 "-" "PostmanRuntime/7.29.2"
::1 - - [07/Aug/2022:12:02:36 +0000] "GET /tickets/?title=Data%20not%20found HTTP/1.1" 200 1453 "-" "PostmanRuntime/7.29.2"
::1 - - [07/Aug/2022:12:02:39 +0000] "GET /tickets/?priority=low HTTP/1.1" 200 1453 "-" "PostmanRuntime/7.29.2"
::1 - - [07/Aug/2022:12:02:41 +0000] "GET /tickets/?status=open HTTP/1.1" 200 1453 "-" "PostmanRuntime/7.29.2"
::1 - - [07/Aug/2022:12:03:02 +0000] "POST /markAsClosed/62ef979b8bdf3c10aa95bfb4 HTTP/1.1" 404 177 "-" "PostmanRuntime/7.29.2"
::1 - - [07/Aug/2022:12:05:10 +0000] "POST /tickets/delete/62ef977c8bdf3c10aa95bfae HTTP/1.1" 200 14 "-" "PostmanRuntime/7.29.2"
::1 - - [07/Aug/2022:12:31:58 +0000] "POST /users/new HTTP/1.1" - - "-" "PostmanRuntime/7.29.2"
::1 - - [07/Aug/2022:12:32:26 +0000] "POST /users/new HTTP/1.1" 200 25 "-" "PostmanRuntime/7.29.2"
::1 - - [07/Aug/2022:12:33:08 +0000] "POST /users/new HTTP/1.1" 200 25 "-" "PostmanRuntime/7.29.2"
::1 - - [07/Aug/2022:12:33:24 +0000] "POST /users/new HTTP/1.1" 200 25 "-" "PostmanRuntime/7.29.2"
::1 - - [07/Aug/2022:12:33:30 +0000] "POST /users/new HTTP/1.1" 200 25 "-" "PostmanRuntime/7.29.2"
::1 - - [07/Aug/2022:12:33:41 +0000] "POST /users/new HTTP/1.1" 200 25 "-" "PostmanRuntime/7.29.2"
::1 - - [07/Aug/2022:12:34:06 +0000] "POST /tickets/new HTTP/1.1" 500 2 "-" "PostmanRuntime/7.29.2"
::1 - - [07/Aug/2022:12:34:13 +0000] "POST /tickets/new HTTP/1.1" 201 33 "-" "PostmanRuntime/7.29.2"
::1 - - [07/Aug/2022:12:34:43 +0000] "POST /tickets/new HTTP/1.1" 500 2 "-" "PostmanRuntime/7.29.2"
::1 - - [07/Aug/2022:12:34:49 +0000] "POST /tickets/new HTTP/1.1" 201 33 "-" "PostmanRuntime/7.29.2"
::1 - - [07/Aug/2022:12:34:51 +0000] "POST /tickets/new HTTP/1.1" 500 2 "-" "PostmanRuntime/7.29.2"
::1 - - [07/Aug/2022:12:35:51 +0000] "POST /tickets/new HTTP/1.1" 500 2 "-" "PostmanRuntime/7.29.2"
::1 - - [07/Aug/2022:12:35:53 +0000] "POST /tickets/new HTTP/1.1" 500 2 "-" "PostmanRuntime/7.29.2"
::1 - - [07/Aug/2022:12:35:55 +0000] "POST /tickets/new HTTP/1.1" 201 33 "-" "PostmanRuntime/7.29.2"
::1 - - [07/Aug/2022:12:36:46 +0000] "POST /tickets/new HTTP/1.1" 201 33 "-" "PostmanRuntime/7.29.2"
::1 - - [07/Aug/2022:12:36:50 +0000] "POST /tickets/new HTTP/1.1" 201 33 "-" "PostmanRuntime/7.29.2"
::1 - - [07/Aug/2022:12:38:26 +0000] "POST /tickets/new HTTP/1.1" 201 33 "-" "PostmanRuntime/7.29.2"
::1 - - [07/Aug/2022:12:38:35 +0000] "POST /tickets/new HTTP/1.1" 201 33 "-" "PostmanRuntime/7.29.2"
::1 - - [07/Aug/2022:12:38:49 +0000] "POST /tickets/new HTTP/1.1" 201 33 "-" "PostmanRuntime/7.29.2"
::1 - - [07/Aug/2022:12:39:27 +0000] "POST /tickets/new HTTP/1.1" 201 33 "-" "PostmanRuntime/7.29.2"
::1 - - [07/Aug/2022:12:40:08 +0000] "POST /tickets/new HTTP/1.1" 201 33 "-" "PostmanRuntime/7.29.2"
::1 - - [07/Aug/2022:12:41:06 +0000] "POST /tickets/new HTTP/1.1" 201 33 "-" "PostmanRuntime/7.29.2"
::1 - - [07/Aug/2022:12:41:25 +0000] "POST /tickets/new HTTP/1.1" 500 2 "-" "PostmanRuntime/7.29.2"
::1 - - [07/Aug/2022:12:41:47 +0000] "POST /tickets/new HTTP/1.1" 500 2 "-" "PostmanRuntime/7.29.2"
::1 - - [07/Aug/2022:12:41:53 +0000] "POST /tickets/new HTTP/1.1" 500 2 "-" "PostmanRuntime/7.29.2"
::1 - - [07/Aug/2022:12:42:57 +0000] "POST /tickets/new HTTP/1.1" 201 33 "-" "PostmanRuntime/7.29.2"
::1 - - [07/Aug/2022:12:43:03 +0000] "POST /tickets/new HTTP/1.1" 500 2 "-" "PostmanRuntime/7.29.2"
::1 - - [07/Aug/2022:12:44:47 +0000] "POST /tickets/new HTTP/1.1" 201 33 "-" "PostmanRuntime/7.29.2"
::1 - - [07/Aug/2022:12:44:54 +0000] "POST /tickets/new HTTP/1.1" 201 33 "-" "PostmanRuntime/7.29.2"
::1 - - [07/Aug/2022:12:45:00 +0000] "POST /tickets/new HTTP/1.1" 201 33 "-" "PostmanRuntime/7.29.2"
::1 - - [07/Aug/2022:12:45:25 +0000] "POST /users/new HTTP/1.1" 200 25 "-" "PostmanRuntime/7.29.2"
::1 - - [07/Aug/2022:12:45:33 +0000] "POST /tickets/new HTTP/1.1" 201 33 "-" "PostmanRuntime/7.29.2"
::1 - - [07/Aug/2022:12:45:44 +0000] "POST /tickets/new HTTP/1.1" 201 33 "-" "PostmanRuntime/7.29.2"
::1 - - [07/Aug/2022:12:47:05 +0000] "POST /tickets/new HTTP/1.1" 201 33 "-" "PostmanRuntime/7.29.2"
::1 - - [07/Aug/2022:12:50:03 +0000] "POST /users/new HTTP/1.1" 200 25 "-" "PostmanRuntime/7.29.2"
::1 - - [07/Aug/2022:12:50:07 +0000] "POST /users/new HTTP/1.1" 200 25 "-" "PostmanRuntime/7.29.2"
::1 - - [07/Aug/2022:12:50:09 +0000] "POST /users/new HTTP/1.1" 200 25 "-" "PostmanRuntime/7.29.2"
::1 - - [07/Aug/2022:12:50:33 +0000] "POST /users/new HTTP/1.1" 200 25 "-" "PostmanRuntime/7.29.2"
::1 - - [07/Aug/2022:12:50:36 +0000] "POST /users/new HTTP/1.1" 200 25 "-" "PostmanRuntime/7.29.2"
::1 - - [07/Aug/2022:12:51:24 +0000] "POST /users/new HTTP/1.1" 200 25 "-" "PostmanRuntime/7.29.2"
::1 - - [07/Aug/2022:12:51:38 +0000] "POST /users/new HTTP/1.1" 200 25 "-" "PostmanRuntime/7.29.2"
::1 - - [07/Aug/2022:12:51:50 +0000] "POST /users/new HTTP/1.1" 200 25 "-" "PostmanRuntime/7.29.2"
::1 - - [07/Aug/2022:12:51:51 +0000] "POST /users/new HTTP/1.1" 200 25 "-" "PostmanRuntime/7.29.2"
::1 - - [07/Aug/2022:12:51:53 +0000] "POST /users/new HTTP/1.1" 200 25 "-" "PostmanRuntime/7.29.2"
::1 - - [07/Aug/2022:12:53:04 +0000] "POST /users/new HTTP/1.1" 200 25 "-" "PostmanRuntime/7.29.2"
::1 - - [07/Aug/2022:12:53:05 +0000] "POST /users/new HTTP/1.1" 200 25 "-" "PostmanRuntime/7.29.2"
::1 - - [07/Aug/2022:12:53:15 +0000] "POST /users/new HTTP/1.1" 200 25 "-" "PostmanRuntime/7.29.2"
::1 - - [07/Aug/2022:12:53:19 +0000] "POST /tickets/new HTTP/1.1" 201 33 "-" "PostmanRuntime/7.29.2"
::1 - - [07/Aug/2022:12:53:21 +0000] "POST /tickets/new HTTP/1.1" 201 33 "-" "PostmanRuntime/7.29.2"
::1 - - [07/Aug/2022:12:53:22 +0000] "POST /tickets/new HTTP/1.1" 201 33 "-" "PostmanRuntime/7.29.2"
::1 - - [07/Aug/2022:12:53:52 +0000] "POST /tickets/new HTTP/1.1" 201 33 "-" "PostmanRuntime/7.29.2"
::1 - - [07/Aug/2022:12:54:21 +0000] "POST /tickets/new HTTP/1.1" 201 33 "-" "PostmanRuntime/7.29.2"
::1 - - [07/Aug/2022:12:55:28 +0000] "POST /tickets/new HTTP/1.1" 201 33 "-" "PostmanRuntime/7.29.2"
::1 - - [07/Aug/2022:12:55:48 +0000] "POST /users/new HTTP/1.1" 200 25 "-" "PostmanRuntime/7.29.2"
::1 - - [07/Aug/2022:12:57:50 +0000] "POST /users/new HTTP/1.1" 200 25 "-" "PostmanRuntime/7.29.2"
::1 - - [07/Aug/2022:12:57:57 +0000] "POST /users/new HTTP/1.1" 200 25 "-" "PostmanRuntime/7.29.2"
::1 - - [07/Aug/2022:12:58:18 +0000] "POST /users/new HTTP/1.1" 200 25 "-" "PostmanRuntime/7.29.2"
::1 - - [07/Aug/2022:12:58:23 +0000] "POST /users/new HTTP/1.1" 200 25 "-" "PostmanRuntime/7.29.2"
::1 - - [07/Aug/2022:12:58:24 +0000] "POST /users/new HTTP/1.1" 200 25 "-" "PostmanRuntime/7.29.2"
::1 - - [07/Aug/2022:13:01:02 +0000] "POST /users/new HTTP/1.1" 200 25 "-" "PostmanRuntime/7.29.2"
::1 - - [07/Aug/2022:13:04:22 +0000] "POST /users/new HTTP/1.1" 200 25 "-" "PostmanRuntime/7.29.2"
::1 - - [07/Aug/2022:13:04:23 +0000] "POST /users/new HTTP/1.1" 200 25 "-" "PostmanRuntime/7.29.2"
::1 - - [07/Aug/2022:13:04:24 +0000] "POST /users/new HTTP/1.1" 200 25 "-" "PostmanRuntime/7.29.2"
::1 - - [07/Aug/2022:13:04:43 +0000] "POST /users/new HTTP/1.1" 200 25 "-" "PostmanRuntime/7.29.2"
::1 - - [07/Aug/2022:13:04:44 +0000] "POST /users/new HTTP/1.1" 200 25 "-" "PostmanRuntime/7.29.2"
::1 - - [07/Aug/2022:13:04:45 +0000] "POST /users/new HTTP/1.1" 200 25 "-" "PostmanRuntime/7.29.2"
::1 - - [07/Aug/2022:13:04:57 +0000] "POST /users/new HTTP/1.1" 200 25 "-" "PostmanRuntime/7.29.2"
::1 - - [07/Aug/2022:13:04:58 +0000] "POST /users/new HTTP/1.1" 200 25 "-" "PostmanRuntime/7.29.2"
::1 - - [07/Aug/2022:13:05:38 +0000] "POST /users/new HTTP/1.1" 200 25 "-" "PostmanRuntime/7.29.2"
::1 - - [07/Aug/2022:13:05:41 +0000] "POST /users/new HTTP/1.1" 200 25 "-" "PostmanRuntime/7.29.2"
::1 - - [07/Aug/2022:13:06:47 +0000] "POST /users/new HTTP/1.1" 200 25 "-" "PostmanRuntime/7.29.2"
::1 - - [07/Aug/2022:13:06:51 +0000] "POST /users/new HTTP/1.1" 200 25 "-" "PostmanRuntime/7.29.2"
::1 - - [07/Aug/2022:13:08:32 +0000] "POST /users/new HTTP/1.1" 500 105 "-" "PostmanRuntime/7.29.2"
::1 - - [07/Aug/2022:13:08:39 +0000] "POST /users/new HTTP/1.1" 200 25 "-" "PostmanRuntime/7.29.2"
::1 - - [07/Aug/2022:13:08:49 +0000] "GET /users/new HTTP/1.1" 200 22 "-" "PostmanRuntime/7.29.2"
::1 - - [07/Aug/2022:13:08:55 +0000] "POST /users/new HTTP/1.1" 200 25 "-" "PostmanRuntime/7.29.2"
::1 - - [07/Aug/2022:13:09:44 +0000] "POST /users/new HTTP/1.1" 500 105 "-" "PostmanRuntime/7.29.2"
::1 - - [07/Aug/2022:13:10:16 +0000] "POST /users/new HTTP/1.1" 200 85 "-" "PostmanRuntime/7.29.2"
::1 - - [07/Aug/2022:13:10:18 +0000] "POST /users/new HTTP/1.1" 200 85 "-" "PostmanRuntime/7.29.2"
::1 - - [07/Aug/2022:13:10:19 +0000] "POST /users/new HTTP/1.1" 200 85 "-" "PostmanRuntime/7.29.2"
::1 - - [07/Aug/2022:13:10:21 +0000] "POST /users/new HTTP/1.1" 200 85 "-" "PostmanRuntime/7.29.2"
::1 - - [07/Aug/2022:13:11:18 +0000] "POST /tickets/new HTTP/1.1" 201 33 "-" "PostmanRuntime/7.29.2"
::1 - - [07/Aug/2022:13:11:24 +0000] "POST /tickets/new HTTP/1.1" 201 33 "-" "PostmanRuntime/7.29.2"
::1 - - [07/Aug/2022:13:14:13 +0000] "POST /users/new HTTP/1.1" 500 105 "-" "PostmanRuntime/7.29.2"
::1 - - [07/Aug/2022:13:14:30 +0000] "POST /users/new HTTP/1.1" 200 85 "-" "PostmanRuntime/7.29.2"
::1 - - [07/Aug/2022:13:14:34 +0000] "POST /users/new HTTP/1.1" 200 85 "-" "PostmanRuntime/7.29.2"
::1 - - [07/Aug/2022:13:15:00 +0000] "POST /users/new HTTP/1.1" 200 85 "-" "PostmanRuntime/7.29.2"
::1 - - [07/Aug/2022:13:15:03 +0000] "POST /users/new HTTP/1.1" 200 85 "-" "PostmanRuntime/7.29.2"
::1 - - [07/Aug/2022:13:15:23 +0000] "POST /users/new HTTP/1.1" 200 85 "-" "PostmanRuntime/7.29.2"
::1 - - [07/Aug/2022:13:15:25 +0000] "POST /users/new HTTP/1.1" 200 85 "-" "PostmanRuntime/7.29.2"
::1 - - [07/Aug/2022:13:15:50 +0000] "POST /users/new HTTP/1.1" 200 85 "-" "PostmanRuntime/7.29.2"
::1 - - [07/Aug/2022:13:15:53 +0000] "POST /users/new HTTP/1.1" 200 85 "-" "PostmanRuntime/7.29.2"
::1 - - [07/Aug/2022:13:16:12 +0000] "POST /users/new HTTP/1.1" 200 85 "-" "PostmanRuntime/7.29.2"
::1 - - [07/Aug/2022:13:16:26 +0000] "POST /users/new HTTP/1.1" 500 105 "-" "PostmanRuntime/7.29.2"
::1 - - [07/Aug/2022:13:16:35 +0000] "POST /users/new HTTP/1.1" 200 85 "-" "PostmanRuntime/7.29.2"
::1 - - [07/Aug/2022:13:16:36 +0000] "POST /users/new HTTP/1.1" 200 85 "-" "PostmanRuntime/7.29.2"
::1 - - [07/Aug/2022:13:19:36 +0000] "POST /users/new HTTP/1.1" 200 85 "-" "PostmanRuntime/7.29.2"
::1 - - [07/Aug/2022:13:19:38 +0000] "POST /users/new HTTP/1.1" 200 85 "-" "PostmanRuntime/7.29.2"
::1 - - [07/Aug/2022:13:19:52 +0000] "POST /users/new HTTP/1.1" 200 85 "-" "PostmanRuntime/7.29.2"
::1 - - [07/Aug/2022:13:21:02 +0000] "POST /users/ HTTP/1.1" 200 85 "-" "PostmanRuntime/7.29.2"
::1 - - [07/Aug/2022:13:21:03 +0000] "POST /users/ HTTP/1.1" 200 85 "-" "PostmanRuntime/7.29.2"
::1 - - [07/Aug/2022:13:21:05 +0000] "POST /users/ HTTP/1.1" 200 85 "-" "PostmanRuntime/7.29.2"
::1 - - [07/Aug/2022:13:30:32 +0000] "POST /users/new HTTP/1.1" 404 149 "-" "PostmanRuntime/7.29.2"
::1 - - [07/Aug/2022:13:31:02 +0000] "POST /users/new HTTP/1.1" 200 85 "-" "PostmanRuntime/7.29.2"
::1 - - [07/Aug/2022:13:31:04 +0000] "POST /users/new HTTP/1.1" 200 85 "-" "PostmanRuntime/7.29.2"
